[INFO] Iniciando build (variant=debug, task=:app:assembleDebug)
> Task :app:preBuild UP-TO-DATE
> Task :app:preDebugBuild UP-TO-DATE
> Task :app:mergeDebugNativeDebugMetadata NO-SOURCE
> Task :app:checkKotlinGradlePluginConfigurationErrors SKIPPED
> Task :app:generateDebugBuildConfig UP-TO-DATE
> Task :app:checkDebugAarMetadata
> Task :app:checkDebugAarMetadata UP-TO-DATE
> Task :app:processDebugNavigationResources UP-TO-DATE
> Task :app:compileDebugNavigationResources UP-TO-DATE
> Task :app:generateDebugResValues UP-TO-DATE
> Task :app:mapDebugSourceSetPaths UP-TO-DATE
> Task :app:generateDebugResources UP-TO-DATE
> Task :app:mergeDebugResources UP-TO-DATE
> Task :app:packageDebugResources UP-TO-DATE
> Task :app:parseDebugLocalResources UP-TO-DATE
> Task :app:createDebugCompatibleScreenManifests UP-TO-DATE
> Task :app:extractDeepLinksDebug UP-TO-DATE
> Task :app:processDebugMainManifest UP-TO-DATE
> Task :app:processDebugManifest UP-TO-DATE
> Task :app:processDebugManifestForPackage UP-TO-DATE
> Task :app:processDebugResources UP-TO-DATE
> Task :app:javaPreCompileDebug UP-TO-DATE
> Task :app:mergeDebugShaders UP-TO-DATE
> Task :app:compileDebugShaders NO-SOURCE
> Task :app:generateDebugAssets UP-TO-DATE
> Task :app:mergeDebugAssets UP-TO-DATE
> Task :app:compressDebugAssets UP-TO-DATE
> Task :app:checkDebugDuplicateClasses UP-TO-DATE
> Task :app:desugarDebugFileDependencies UP-TO-DATE
> Task :app:mergeExtDexDebug UP-TO-DATE
> Task :app:mergeLibDexDebug UP-TO-DATE
> Task :app:mergeDebugJniLibFolders UP-TO-DATE
> Task :app:mergeDebugNativeLibs UP-TO-DATE
> Task :app:stripDebugDebugSymbols UP-TO-DATE
> Task :app:validateSigningDebug UP-TO-DATE
> Task :app:writeDebugAppMetadata UP-TO-DATE
> Task :app:writeDebugSigningConfigVersions UP-TO-DATE

> Task :app:compileDebugKotlin FAILED
e: file:///Users/alexpimenta/Projects/vitrine-de-craques-plataforma-web/Vitrine-De-Craques-App/app/src/main/java/com/vitrinedecraques/app/data/auth/AuthApiService.kt:204:7 None of the following candidates is applicable:
fun <T> Array<out T>.joinToString(separator: CharSequence = ..., prefix: CharSequence = ..., postfix: CharSequence = ..., limit: Int = ..., truncated: CharSequence = ..., transform: ((T) -> CharSequence)? = ...): String
fun BooleanArray.joinToString(separator: CharSequence = ..., prefix: CharSequence = ..., postfix: CharSequence = ..., limit: Int = ..., truncated: CharSequence = ..., transform: ((Boolean) -> CharSequence)? = ...): String
fun ByteArray.joinToString(separator: CharSequence = ..., prefix: CharSequence = ..., postfix: CharSequence = ..., limit: Int = ..., truncated: CharSequence = ..., transform: ((Byte) -> CharSequence)? = ...): String
fun CharArray.joinToString(separator: CharSequence = ..., prefix: CharSequence = ..., postfix: CharSequence = ..., limit: Int = ..., truncated: CharSequence = ..., transform: ((Char) -> CharSequence)? = ...): String
fun DoubleArray.joinToString(separator: CharSequence = ..., prefix: CharSequence = ..., postfix: CharSequence = ..., limit: Int = ..., truncated: CharSequence = ..., transform: ((Double) -> CharSequence)? = ...): String
fun FloatArray.joinToString(separator: CharSequence = ..., prefix: CharSequence = ..., postfix: CharSequence = ..., limit: Int = ..., truncated: CharSequence = ..., transform: ((Float) -> CharSequence)? = ...): String
fun IntArray.joinToString(separator: CharSequence = ..., prefix: CharSequence = ..., postfix: CharSequence = ..., limit: Int = ..., truncated: CharSequence = ..., transform: ((Int) -> CharSequence)? = ...): String
fun LongArray.joinToString(separator: CharSequence = ..., prefix: CharSequence = ..., postfix: CharSequence = ..., limit: Int = ..., truncated: CharSequence = ..., transform: ((Long) -> CharSequence)? = ...): String
fun ShortArray.joinToString(separator: CharSequence = ..., prefix: CharSequence = ..., postfix: CharSequence = ..., limit: Int = ..., truncated: CharSequence = ..., transform: ((Short) -> CharSequence)? = ...): String
fun <T> Iterable<T>.joinToString(separator: CharSequence = ..., prefix: CharSequence = ..., postfix: CharSequence = ..., limit: Int = ..., truncated: CharSequence = ..., transform: ((T) -> CharSequence)? = ...): String

FAILURE: Build failed with an exception.

* What went wrong:
Execution failed for task ':app:compileDebugKotlin'.
> A failure occurred while executing org.jetbrains.kotlin.compilerRunner.GradleCompilerRunnerWithWorkers$GradleKotlinCompilerWorkAction
   > Compilation error. See log for more details

* Try:
> Run with --stacktrace option to get the stack trace.
> Run with --info or --debug option to get more log output.
> Run with --scan to get full insights.
> Get more help at https://help.gradle.org.

BUILD FAILED in 1m 18s
31 actionable tasks: 1 executed, 30 up-to-date
